latency: 0.3350198268890381
<class 'dict'> 6
7
latency: 0.33213090896606445
<class 'dict'> 6
7
latency: 0.35438966751098633
<class 'dict'> 6
7
latency: 0.3407011032104492
<class 'dict'> 6
7
latency: 0.34545326232910156
<class 'dict'> 6
7
latency: 0.3449835777282715
<class 'dict'> 6
7
latency: 0.34147071838378906
<class 'dict'> 6
7
latency: 0.34909510612487793
<class 'dict'> 6
7
latency: 0.3484780788421631
<class 'dict'> 6
7
latency: 0.3393096923828125
<class 'dict'> 6
7
latency: 0.35818004608154297
<class 'dict'> 6
7
latency: 0.34519410133361816
<class 'dict'> 6
7
latency: 0.35236048698425293
<class 'dict'> 6
7
latency: 0.3213348388671875
<class 'dict'> 6
7
latency: 0.33967018127441406
<class 'dict'> 6
7
latency: 0.3500986099243164
<class 'dict'> 6
7
latency: 0.32805705070495605
<class 'dict'> 6
7
latency: 0.3381829261779785
<class 'dict'> 6
7
latency: 0.34357762336730957
<class 'dict'> 6
7
latency: 0.3650827407836914
<class 'dict'> 6
7
latency: 0.3467123508453369
<class 'dict'> 6
7
latency: 0.33609461784362793
<class 'dict'> 6
7
latency: 0.3429582118988037
<class 'dict'> 6
7
latency: 0.34828996658325195
<class 'dict'> 6
7
latency: 0.3387436866760254
<class 'dict'> 6
7
latency: 0.35519838333129883
<class 'dict'> 6
7
latency: 0.3476827144622803
<class 'dict'> 6
7
8
latency: 0.3465287685394287
<class 'dict'> 7
8
latency: 0.34248805046081543
<class 'dict'> 7
8
latency: 0.3535323143005371
<class 'dict'> 7
8
latency: 0.34122133255004883
<class 'dict'> 7
8
latency: 0.34647560119628906
<class 'dict'> 7
8
latency: 0.32224249839782715
<class 'dict'> 7
8
latency: 0.3348526954650879
<class 'dict'> 7
8
latency: 0.35553622245788574
<class 'dict'> 7
8
latency: 0.3605821132659912
<class 'dict'> 7
8
latency: 0.3400149345397949
<class 'dict'> 7
8
latency: 0.3513460159301758
<class 'dict'> 7
8
latency: 0.3428025245666504
<class 'dict'> 7
8
latency: 0.356212854385376
<class 'dict'> 7
8
latency: 0.3593273162841797
<class 'dict'> 7
8
latency: 0.34518957138061523
<class 'dict'> 7
8
latency: 0.3571662902832031
<class 'dict'> 7
8
latency: 0.3685421943664551
<class 'dict'> 7
8
latency: 0.362246036529541
<class 'dict'> 7
8
latency: 0.3349924087524414
<class 'dict'> 7
8
latency: 0.3561708927154541
<class 'dict'> 7
8
latency: 0.3493165969848633
<class 'dict'> 7
8
9
latency: 0.3551006317138672
<class 'dict'> 8
9
latency: 0.34143900871276855
<class 'dict'> 8
9
latency: 0.3510782718658447
<class 'dict'> 8
9
latency: 0.3575260639190674
<class 'dict'> 8
9
latency: 0.360806941986084
<class 'dict'> 8
9
latency: 0.3512301445007324
<class 'dict'> 8
9
latency: 0.35329484939575195
<class 'dict'> 8
9
latency: 0.3415377140045166
<class 'dict'> 8
9
latency: 0.34113287925720215
<class 'dict'> 8
9
latency: 0.34125757217407227
<class 'dict'> 8
9
latency: 0.35982584953308105
<class 'dict'> 8
9
latency: 0.35833239555358887
<class 'dict'> 8
9
latency: 0.34647107124328613
<class 'dict'> 8
9
latency: 0.3366072177886963
<class 'dict'> 8
9
latency: 0.33881473541259766
<class 'dict'> 8
9
latency: 0.361130952835083
<class 'dict'> 8
9
latency: 0.3489551544189453
<class 'dict'> 8
9
latency: 0.3237264156341553
<class 'dict'> 8
9
latency: 0.33685851097106934
<class 'dict'> 8
9
latency: 0.35563039779663086
<class 'dict'> 8
9
latency: 0.3522927761077881
<class 'dict'> 8
9
latency: 0.3455483913421631
<class 'dict'> 8
9
latency: 0.3493819236755371
<class 'dict'> 8
9
10
latency: 0.35591697692871094
<class 'dict'> 9
10
latency: 0.3502166271209717
<class 'dict'> 9
10
latency: 0.34023571014404297
<class 'dict'> 9
10
latency: 0.3389284610748291
<class 'dict'> 9
10
latency: 0.3581533432006836
<class 'dict'> 9
10
latency: 0.35408782958984375
<class 'dict'> 9
10
latency: 0.34581971168518066
<class 'dict'> 9
10
latency: 0.3569967746734619
<class 'dict'> 9
10
latency: 0.3553934097290039
<class 'dict'> 9
10
latency: 0.35184717178344727
<class 'dict'> 9
10
latency: 0.3582797050476074
<class 'dict'> 9
10
latency: 0.352191686630249
<class 'dict'> 9
10
latency: 0.35888671875
<class 'dict'> 9
10
latency: 0.3495776653289795
<class 'dict'> 9
10
latency: 0.36143016815185547
<class 'dict'> 9
10
latency: 0.358553409576416
<class 'dict'> 9
10
latency: 0.34279537200927734
<class 'dict'> 9
10
11
latency: 0.37052392959594727
<class 'dict'> 10
11
latency: 0.3564009666442871
<class 'dict'> 10
11
latency: 0.3497734069824219
<class 'dict'> 10
11
latency: 0.3545663356781006
<class 'dict'> 10
11
latency: 0.3471062183380127
<class 'dict'> 10
11
latency: 0.35796213150024414
<class 'dict'> 10
11
latency: 0.34788084030151367
<class 'dict'> 10
11
latency: 0.3614962100982666
<class 'dict'> 10
11
latency: 0.34963417053222656
<class 'dict'> 10
11
latency: 0.3418009281158447
<class 'dict'> 10
11
latency: 0.34955859184265137
<class 'dict'> 10
11
latency: 0.3615591526031494
<class 'dict'> 10
11
latency: 0.35567426681518555
<class 'dict'> 10
11
latency: 0.35779476165771484
<class 'dict'> 10
11
latency: 0.3565824031829834
<class 'dict'> 10
11
12
latency: 0.35356688499450684
<class 'dict'> 11
12
latency: 0.37010979652404785
<class 'dict'> 11
12
latency: 0.3506505489349365
<class 'dict'> 11
12
latency: 0.3633103370666504
<class 'dict'> 11
12
latency: 0.36408185958862305
<class 'dict'> 11
12
latency: 0.34299588203430176
<class 'dict'> 11
12
latency: 0.3572361469268799
<class 'dict'> 11
12
latency: 0.34906935691833496
<class 'dict'> 11
12
latency: 0.35311007499694824
<class 'dict'> 11
12
latency: 0.3493163585662842
<class 'dict'> 11
12
latency: 0.3331584930419922
<class 'dict'> 11
12
latency: 0.34424328804016113
<class 'dict'> 11
12
latency: 0.3361828327178955
<class 'dict'> 11
12
latency: 0.35478806495666504
<class 'dict'> 11
12
latency: 0.360828161239624
<class 'dict'> 11
12
latency: 0.35211920738220215
<class 'dict'> 11
12
latency: 0.35007405281066895
<class 'dict'> 11
12
latency: 0.3588836193084717
<class 'dict'> 11
12
latency: 0.34340691566467285
<class 'dict'> 11
12
13
latency: 0.3555433750152588
<class 'dict'> 12
13
latency: 0.348980188369751
<class 'dict'> 12
13
latency: 0.3630697727203369
<class 'dict'> 12
13
latency: 0.37131428718566895
<class 'dict'> 12
13
latency: 0.3513174057006836
<class 'dict'> 12
13
latency: 0.3571929931640625
<class 'dict'> 12
13
latency: 0.3480367660522461
<class 'dict'> 12
13
latency: 0.367537260055542
<class 'dict'> 12
13
latency: 0.3425717353820801
<class 'dict'> 12
13
latency: 0.3472776412963867
<class 'dict'> 12
13
latency: 0.34241652488708496
<class 'dict'> 12
13
latency: 0.35309433937072754
<class 'dict'> 12
13
latency: 0.35744309425354004
<class 'dict'> 12
13
latency: 0.3476736545562744
<class 'dict'> 12
13
latency: 0.35465335845947266
<class 'dict'> 12
13
14
latency: 0.3608667850494385
<class 'dict'> 13
14
latency: 0.3486959934234619
<class 'dict'> 13
14
latency: 0.3559107780456543
<class 'dict'> 13
14
latency: 0.3452942371368408
<class 'dict'> 13
14
latency: 0.357513427734375
<class 'dict'> 13
14
latency: 0.35682082176208496
<class 'dict'> 13
14
latency: 0.35608649253845215
<class 'dict'> 13
14
latency: 0.35196828842163086
<class 'dict'> 13
14
latency: 0.35219502449035645
<class 'dict'> 13
14
latency: 0.34870243072509766
<class 'dict'> 13
14
latency: 0.3368339538574219
<class 'dict'> 13
14
latency: 0.3578164577484131
<class 'dict'> 13
14
latency: 0.3402707576751709
<class 'dict'> 13
14
latency: 0.35569119453430176
<class 'dict'> 13
14
latency: 0.35359621047973633
<class 'dict'> 13
14
latency: 0.34644126892089844
<class 'dict'> 13
14
latency: 0.3544139862060547
<class 'dict'> 13
14
latency: 0.34531307220458984
<class 'dict'> 13
14
latency: 0.34269070625305176
<class 'dict'> 13
14
latency: 0.3439784049987793
<class 'dict'> 13
14
15
latency: 0.3453662395477295
<class 'dict'> 14
15
latency: 0.3601493835449219
<class 'dict'> 14
15
latency: 0.36168766021728516
<class 'dict'> 14
15
latency: 0.3569681644439697
<class 'dict'> 14
15
latency: 0.38672828674316406
<class 'dict'> 14
15
latency: 0.3568079471588135
<class 'dict'> 14
15
latency: 0.3505988121032715
<class 'dict'> 14
15
latency: 0.33952760696411133
<class 'dict'> 14
15
latency: 0.35112929344177246
<class 'dict'> 14
15
latency: 0.338315486907959
<class 'dict'> 14
15
latency: 0.35547304153442383
<class 'dict'> 14
15
latency: 0.3466300964355469
<class 'dict'> 14
15
latency: 0.3533515930175781
<class 'dict'> 14
15
latency: 0.3642265796661377
<class 'dict'> 14
15
latency: 0.3544032573699951
<class 'dict'> 14
15
16
latency: 0.3532116413116455
<class 'dict'> 15
16
latency: 0.34590601921081543
<class 'dict'> 15
16
latency: 0.3478271961212158
<class 'dict'> 15
16
latency: 0.3487355709075928
<class 'dict'> 15
16
latency: 0.34513211250305176
<class 'dict'> 15
16
latency: 0.3478837013244629
<class 'dict'> 15
16
latency: 0.3503224849700928
<class 'dict'> 15
16
latency: 0.35013818740844727
<class 'dict'> 15
16
latency: 0.3403768539428711
<class 'dict'> 15
16
latency: 0.35648632049560547
<class 'dict'> 15
16
latency: 0.34789109230041504
<class 'dict'> 15
16
latency: 0.3566310405731201
<class 'dict'> 15
16
latency: 0.3464674949645996
<class 'dict'> 15
16
latency: 0.357623815536499
<class 'dict'> 15
16
latency: 0.3445723056793213
<class 'dict'> 15
16
latency: 0.3504049777984619
<class 'dict'> 15
16
latency: 0.3569767475128174
<class 'dict'> 15
16
latency: 0.3540194034576416
<class 'dict'> 15
16
latency: 0.35636472702026367
<class 'dict'> 15
16
latency: 0.3525402545928955
<class 'dict'> 15
16
latency: 0.33997225761413574
<class 'dict'> 15
16
17
latency: 0.3492162227630615
<class 'dict'> 16
17
latency: 0.36676883697509766
<class 'dict'> 16
17
latency: 0.35395145416259766
<class 'dict'> 16
17
latency: 0.3444521427154541
<class 'dict'> 16
17
latency: 0.3580782413482666
<class 'dict'> 16
17
latency: 0.34163784980773926
<class 'dict'> 16
17
latency: 0.34830665588378906
<class 'dict'> 16
17
latency: 0.357377290725708
<class 'dict'> 16
17
latency: 0.356792688369751
<class 'dict'> 16
17
latency: 0.3446190357208252
<class 'dict'> 16
17
latency: 0.33933329582214355
<class 'dict'> 16
17
latency: 0.3575613498687744
<class 'dict'> 16
17
latency: 0.37051892280578613
<class 'dict'> 16
17
latency: 0.3418116569519043
<class 'dict'> 16
17
latency: 0.35334014892578125
<class 'dict'> 16
17
latency: 0.3487815856933594
<class 'dict'> 16
17
latency: 0.34551119804382324
<class 'dict'> 16
17
18
latency: 0.36246609687805176
<class 'dict'> 17
18
latency: 0.361220121383667
<class 'dict'> 17
18
latency: 0.3528289794921875
<class 'dict'> 17
18
latency: 0.3396492004394531
<class 'dict'> 17
18
latency: 0.3520195484161377
<class 'dict'> 17
18
latency: 0.3476886749267578
<class 'dict'> 17
18
latency: 0.36004209518432617
<class 'dict'> 17
18
latency: 0.3525736331939697
<class 'dict'> 17
18
latency: 0.3591787815093994
<class 'dict'> 17
18
latency: 0.35244274139404297
<class 'dict'> 17
18
latency: 0.35416173934936523
<class 'dict'> 17
18
latency: 0.3572680950164795
<class 'dict'> 17
18
latency: 0.33907294273376465
<class 'dict'> 17
18
latency: 0.3486659526824951
<class 'dict'> 17
18
latency: 0.3494231700897217
<class 'dict'> 17
18
latency: 0.3562462329864502
<class 'dict'> 17
18
latency: 0.36092615127563477
<class 'dict'> 17
18
19
latency: 0.35927581787109375
<class 'dict'> 18
19
latency: 0.3545200824737549
<class 'dict'> 18
19
latency: 0.3462200164794922
<class 'dict'> 18
19
latency: 0.3565208911895752
<class 'dict'> 18
19
latency: 0.3438999652862549
<class 'dict'> 18
19
latency: 0.3451240062713623
<class 'dict'> 18
19
latency: 0.35518884658813477
<class 'dict'> 18
19
latency: 0.35712671279907227
<class 'dict'> 18
19
latency: 0.35549163818359375
<class 'dict'> 18
19
latency: 0.3583188056945801
<class 'dict'> 18
19
latency: 0.3426816463470459
<class 'dict'> 18
19
latency: 0.3562936782836914
<class 'dict'> 18
19
latency: 0.3542287349700928
<class 'dict'> 18
19
latency: 0.3579089641571045
<class 'dict'> 18
19
latency: 0.35163140296936035
<class 'dict'> 18
19
latency: 0.356536865234375
<class 'dict'> 18
19
latency: 0.34802937507629395
<class 'dict'> 18
19
20
latency: 0.37208104133605957
<class 'dict'> 19
20
latency: 0.34110188484191895
<class 'dict'> 19
20
latency: 0.3461949825286865
<class 'dict'> 19
20
latency: 0.34749841690063477
<class 'dict'> 19
20
latency: 0.3616054058074951
<class 'dict'> 19
20
latency: 0.3451981544494629
<class 'dict'> 19
20
latency: 0.3586583137512207
<class 'dict'> 19
20
latency: 0.3385744094848633
<class 'dict'> 19
20
latency: 0.3532392978668213
<class 'dict'> 19
20
latency: 0.34653711318969727
<class 'dict'> 19
20
latency: 0.3576083183288574
<class 'dict'> 19
20
latency: 0.34900450706481934
<class 'dict'> 19
20
latency: 0.35775232315063477
<class 'dict'> 19
20
latency: 0.34514546394348145
<class 'dict'> 19
20
latency: 0.3556327819824219
<class 'dict'> 19
20
latency: 0.3574371337890625
<class 'dict'> 19
20
latency: 0.34784889221191406
<class 'dict'> 19
20
latency: 0.3432910442352295
<class 'dict'> 19
20
21
latency: 0.3670659065246582
<class 'dict'> 20
21
latency: 0.36173105239868164
<class 'dict'> 20
21
latency: 0.3610551357269287
<class 'dict'> 20
21
latency: 0.3524045944213867
<class 'dict'> 20
21
latency: 0.3588829040527344
<class 'dict'> 20
21
latency: 0.3557417392730713
<class 'dict'> 20
21
latency: 0.3580515384674072
<class 'dict'> 20
21
latency: 0.35335826873779297
<class 'dict'> 20
21
latency: 0.3510012626647949
<class 'dict'> 20
21
latency: 0.35605335235595703
<class 'dict'> 20
21
latency: 0.3584756851196289
<class 'dict'> 20
21
latency: 0.3573939800262451
<class 'dict'> 20
21
latency: 0.35553789138793945
<class 'dict'> 20
21
latency: 0.3474249839782715
<class 'dict'> 20
21
latency: 0.3417549133300781
<class 'dict'> 20
21
22
latency: 0.3564872741699219
<class 'dict'> 21
22
latency: 0.3485403060913086
<class 'dict'> 21
22
latency: 0.352741003036499
<class 'dict'> 21
22
latency: 0.3500790596008301
<class 'dict'> 21
22
latency: 0.35134172439575195
<class 'dict'> 21
22
latency: 0.34255433082580566
<class 'dict'> 21
22
latency: 0.3474545478820801
<class 'dict'> 21
22
latency: 0.34706878662109375
<class 'dict'> 21
22
latency: 0.3558826446533203
<class 'dict'> 21
22
latency: 0.35594654083251953
<class 'dict'> 21
22
latency: 0.34346747398376465
<class 'dict'> 21
22
latency: 0.350797176361084
<class 'dict'> 21
22
latency: 0.34313106536865234
<class 'dict'> 21
22
latency: 0.3467826843261719
<class 'dict'> 21